# JRE version: OpenJDK Runtime Environment (8.0_252-b09) (build 1.8.0_252-b09)
# Java VM: OpenJDK 64-Bit Server VM (25.252-b09 mixed mode windows-amd64 compressed oops)
Heap:
 PSYoungGen      total 1329664K, used 1291264K [0x000000076c800000, 0x00000007c0000000, 0x00000007c0000000)
  eden space 1291264K, 100% used [0x000000076c800000,0x00000007bb500000,0x00000007bb500000)
  from space 38400K, 0% used [0x00000007bda80000,0x00000007bda80000,0x00000007c0000000)
  to   space 38400K, 0% used [0x00000007bb500000,0x00000007bb500000,0x00000007bda80000)
 ParOldGen       total 2736128K, used 2735792K [0x00000006c5800000, 0x000000076c800000, 0x000000076c800000)
  object space 2736128K, 99% used [0x00000006c5800000,0x000000076c7ac1a0,0x000000076c800000)
 Metaspace       used 9617K, capacity 9874K, committed 10368K, reserved 1058816K
  class space    used 984K, capacity 1041K, committed 1152K, reserved 1048576K
GC Heap History (10 events):
Event: 29454.154 GC heap before
{Heap before GC invocations=20640 (full 15146):
 PSYoungGen      total 1329664K, used 1291264K [0x000000076c800000, 0x00000007c0000000, 0x00000007c0000000)
  eden space 1291264K, 100% used [0x000000076c800000,0x00000007bb500000,0x00000007bb500000)
  from space 38400K, 0% used [0x00000007bda80000,0x00000007bda80000,0x00000007c0000000)
  to   space 38400K, 0% used [0x00000007bb500000,0x00000007bb500000,0x00000007bda80000)
 ParOldGen       total 2736128K, used 2735792K [0x00000006c5800000, 0x000000076c800000, 0x000000076c800000)
  object space 2736128K, 99% used [0x00000006c5800000,0x000000076c7ac1a0,0x000000076c800000)
 Metaspace       used 9632K, capacity 9898K, committed 10368K, reserved 1058816K
  class space    used 986K, capacity 1045K, committed 1152K, reserved 1048576K
Event: 29455.966 GC heap after
Heap after GC invocations=20640 (full 15146):
 PSYoungGen      total 1329664K, used 1265952K [0x000000076c800000, 0x00000007c0000000, 0x00000007c0000000)
  eden space 1291264K, 98% used [0x000000076c800000,0x00000007b9c48098,0x00000007bb500000)
  from space 38400K, 0% used [0x00000007bda80000,0x00000007bda80000,0x00000007c0000000)
  to   space 38400K, 0% used [0x00000007bb500000,0x00000007bb500000,0x00000007bda80000)
 ParOldGen       total 2736128K, used 2735792K [0x00000006c5800000, 0x000000076c800000, 0x000000076c800000)
  object space 2736128K, 99% used [0x00000006c5800000,0x000000076c7ac1a0,0x000000076c800000)
 Metaspace       used 9617K, capacity 9874K, committed 10368K, reserved 1058816K
  class space    used 984K, capacity 1041K, committed 1152K, reserved 1048576K
}
Event: 29455.968 GC heap before
{Heap before GC invocations=20641 (full 15147):
 PSYoungGen      total 1329664K, used 1291264K [0x000000076c800000, 0x00000007c0000000, 0x00000007c0000000)
  eden space 1291264K, 100% used [0x000000076c800000,0x00000007bb500000,0x00000007bb500000)
  from space 38400K, 0% used [0x00000007bda80000,0x00000007bda80000,0x00000007c0000000)
  to   space 38400K, 0% used [0x00000007bb500000,0x00000007bb500000,0x00000007bda80000)
 ParOldGen       total 2736128K, used 2735792K [0x00000006c5800000, 0x000000076c800000, 0x000000076c800000)
  object space 2736128K, 99% used [0x00000006c5800000,0x000000076c7ac1a0,0x000000076c800000)
 Metaspace       used 9632K, capacity 9898K, committed 10368K, reserved 1058816K
  class space    used 986K, capacity 1045K, committed 1152K, reserved 1048576K
Event: 29457.746 GC heap after
Heap after GC invocations=20641 (full 15147):
 PSYoungGen      total 1329664K, used 1266132K [0x000000076c800000, 0x00000007c0000000, 0x00000007c0000000)
  eden space 1291264K, 98% used [0x000000076c800000,0x00000007b9c751b0,0x00000007bb500000)
  from space 38400K, 0% used [0x00000007bda80000,0x00000007bda80000,0x00000007c0000000)
  to   space 38400K, 0% used [0x00000007bb500000,0x00000007bb500000,0x00000007bda80000)
 ParOldGen       total 2736128K, used 2735792K [0x00000006c5800000, 0x000000076c800000, 0x000000076c800000)
  object space 2736128K, 99% used [0x00000006c5800000,0x000000076c7ac1a0,0x000000076c800000)
 Metaspace       used 9617K, capacity 9874K, committed 10368K, reserved 1058816K
  class space    used 984K, capacity 1041K, committed 1152K, reserved 1048576K
}
Event: 29457.747 GC heap before
{Heap before GC invocations=20642 (full 15148):
 PSYoungGen      total 1329664K, used 1291264K [0x000000076c800000, 0x00000007c0000000, 0x00000007c0000000)
  eden space 1291264K, 100% used [0x000000076c800000,0x00000007bb500000,0x00000007bb500000)
  from space 38400K, 0% used [0x00000007bda80000,0x00000007bda80000,0x00000007c0000000)
  to   space 38400K, 0% used [0x00000007bb500000,0x00000007bb500000,0x00000007bda80000)
 ParOldGen       total 2736128K, used 2735792K [0x00000006c5800000, 0x000000076c800000, 0x000000076c800000)
  object space 2736128K, 99% used [0x00000006c5800000,0x000000076c7ac1a0,0x000000076c800000)
 Metaspace       used 9632K, capacity 9898K, committed 10368K, reserved 1058816K
  class space    used 986K, capacity 1045K, committed 1152K, reserved 1048576K
Event: 29459.541 GC heap after
Heap after GC invocations=20642 (full 15148):
 PSYoungGen      total 1329664K, used 1266182K [0x000000076c800000, 0x00000007c0000000, 0x00000007c0000000)
  eden space 1291264K, 98% used [0x000000076c800000,0x00000007b9c81af0,0x00000007bb500000)
  from space 38400K, 0% used [0x00000007bda80000,0x00000007bda80000,0x00000007c0000000)
  to   space 38400K, 0% used [0x00000007bb500000,0x00000007bb500000,0x00000007bda80000)
 ParOldGen       total 2736128K, used 2735792K [0x00000006c5800000, 0x000000076c800000, 0x000000076c800000)
  object space 2736128K, 99% used [0x00000006c5800000,0x000000076c7ac1a0,0x000000076c800000)
 Metaspace       used 9617K, capacity 9874K, committed 10368K, reserved 1058816K
  class space    used 984K, capacity 1041K, committed 1152K, reserved 1048576K
}
Event: 29459.545 GC heap before
{Heap before GC invocations=20643 (full 15149):
 PSYoungGen      total 1329664K, used 1291264K [0x000000076c800000, 0x00000007c0000000, 0x00000007c0000000)
  eden space 1291264K, 100% used [0x000000076c800000,0x00000007bb500000,0x00000007bb500000)
  from space 38400K, 0% used [0x00000007bda80000,0x00000007bda80000,0x00000007c0000000)
  to   space 38400K, 0% used [0x00000007bb500000,0x00000007bb500000,0x00000007bda80000)
 ParOldGen       total 2736128K, used 2735792K [0x00000006c5800000, 0x000000076c800000, 0x000000076c800000)
  object space 2736128K, 99% used [0x00000006c5800000,0x000000076c7ac1a0,0x000000076c800000)
 Metaspace       used 9632K, capacity 9898K, committed 10368K, reserved 1058816K
  class space    used 986K, capacity 1045K, committed 1152K, reserved 1048576K
Event: 29461.349 GC heap after
Heap after GC invocations=20643 (full 15149):
 PSYoungGen      total 1329664K, used 1266438K [0x000000076c800000, 0x00000007c0000000, 0x00000007c0000000)
  eden space 1291264K, 98% used [0x000000076c800000,0x00000007b9cc1b50,0x00000007bb500000)
  from space 38400K, 0% used [0x00000007bda80000,0x00000007bda80000,0x00000007c0000000)
  to   space 38400K, 0% used [0x00000007bb500000,0x00000007bb500000,0x00000007bda80000)
 ParOldGen       total 2736128K, used 2735792K [0x00000006c5800000, 0x000000076c800000, 0x000000076c800000)
  object space 2736128K, 99% used [0x00000006c5800000,0x000000076c7ac1a0,0x000000076c800000)
 Metaspace       used 9617K, capacity 9874K, committed 10368K, reserved 1058816K
  class space    used 984K, capacity 1041K, committed 1152K, reserved 1048576K
}
Event: 29461.350 GC heap before
{Heap before GC invocations=20644 (full 15150):
 PSYoungGen      total 1329664K, used 1291264K [0x000000076c800000, 0x00000007c0000000, 0x00000007c0000000)
  eden space 1291264K, 100% used [0x000000076c800000,0x00000007bb500000,0x00000007bb500000)
  from space 38400K, 0% used [0x00000007bda80000,0x00000007bda80000,0x00000007c0000000)
  to   space 38400K, 0% used [0x00000007bb500000,0x00000007bb500000,0x00000007bda80000)
 ParOldGen       total 2736128K, used 2735792K [0x00000006c5800000, 0x000000076c800000, 0x000000076c800000)
  object space 2736128K, 99% used [0x00000006c5800000,0x000000076c7ac1a0,0x000000076c800000)
 Metaspace       used 9617K, capacity 9874K, committed 10368K, reserved 1058816K
  class space    used 984K, capacity 1041K, committed 1152K, reserved 1048576K
Event: 29463.211 GC heap after
Heap after GC invocations=20644 (full 15150):
 PSYoungGen      total 1329664K, used 1266439K [0x000000076c800000, 0x00000007c0000000, 0x00000007c0000000)
  eden space 1291264K, 98% used [0x000000076c800000,0x00000007b9cc1d28,0x00000007bb500000)
  from space 38400K, 0% used [0x00000007bda80000,0x00000007bda80000,0x00000007c0000000)
  to   space 38400K, 0% used [0x00000007bb500000,0x00000007bb500000,0x00000007bda80000)
 ParOldGen       total 2736128K, used 2735792K [0x00000006c5800000, 0x000000076c800000, 0x000000076c800000)
  object space 2736128K, 99% used [0x00000006c5800000,0x000000076c7ac1a0,0x000000076c800000)
 Metaspace       used 9617K, capacity 9874K, committed 10368K, reserved 1058816K
  class space    used 984K, capacity 1041K, committed 1152K, reserved 1048576K
}

