# JRE version: OpenJDK Runtime Environment (8.0_252-b09) (build 1.8.0_252-b09)
# Java VM: OpenJDK 64-Bit Server VM (25.252-b09 mixed mode windows-amd64 compressed oops)
Heap:
 PSYoungGen      total 1334784K, used 1302528K [0x000000076c800000, 0x00000007c0000000, 0x00000007c0000000)
  eden space 1302528K, 100% used [0x000000076c800000,0x00000007bc000000,0x00000007bc000000)
  from space 32256K, 0% used [0x00000007be080000,0x00000007be080000,0x00000007c0000000)
  to   space 32768K, 0% used [0x00000007bc000000,0x00000007bc000000,0x00000007be000000)
 ParOldGen       total 2736128K, used 2735733K [0x00000006c5800000, 0x000000076c800000, 0x000000076c800000)
  object space 2736128K, 99% used [0x00000006c5800000,0x000000076c79d770,0x000000076c800000)
 Metaspace       used 8922K, capacity 9034K, committed 9216K, reserved 1056768K
  class space    used 912K, capacity 967K, committed 1024K, reserved 1048576K
GC Heap History (10 events):
Event: 7170.882 GC heap after
Heap after GC invocations=4840 (full 3850):
 PSYoungGen      total 1334784K, used 1278084K [0x000000076c800000, 0x00000007c0000000, 0x00000007c0000000)
  eden space 1302528K, 98% used [0x000000076c800000,0x00000007ba8212c0,0x00000007bc000000)
  from space 32256K, 0% used [0x00000007be080000,0x00000007be080000,0x00000007c0000000)
  to   space 32768K, 0% used [0x00000007bc000000,0x00000007bc000000,0x00000007be000000)
 ParOldGen       total 2736128K, used 2735733K [0x00000006c5800000, 0x000000076c800000, 0x000000076c800000)
  object space 2736128K, 99% used [0x00000006c5800000,0x000000076c79d770,0x000000076c800000)
 Metaspace       used 8922K, capacity 9034K, committed 9216K, reserved 1056768K
  class space    used 912K, capacity 967K, committed 1024K, reserved 1048576K
}
Event: 7170.883 GC heap before
{Heap before GC invocations=4841 (full 3851):
 PSYoungGen      total 1334784K, used 1302528K [0x000000076c800000, 0x00000007c0000000, 0x00000007c0000000)
  eden space 1302528K, 100% used [0x000000076c800000,0x00000007bc000000,0x00000007bc000000)
  from space 32256K, 0% used [0x00000007be080000,0x00000007be080000,0x00000007c0000000)
  to   space 32768K, 0% used [0x00000007bc000000,0x00000007bc000000,0x00000007be000000)
 ParOldGen       total 2736128K, used 2735733K [0x00000006c5800000, 0x000000076c800000, 0x000000076c800000)
  object space 2736128K, 99% used [0x00000006c5800000,0x000000076c79d770,0x000000076c800000)
 Metaspace       used 8922K, capacity 9034K, committed 9216K, reserved 1056768K
  class space    used 912K, capacity 967K, committed 1024K, reserved 1048576K
Event: 7172.763 GC heap after
Heap after GC invocations=4841 (full 3851):
 PSYoungGen      total 1334784K, used 1278084K [0x000000076c800000, 0x00000007c0000000, 0x00000007c0000000)
  eden space 1302528K, 98% used [0x000000076c800000,0x00000007ba821268,0x00000007bc000000)
  from space 32256K, 0% used [0x00000007be080000,0x00000007be080000,0x00000007c0000000)
  to   space 32768K, 0% used [0x00000007bc000000,0x00000007bc000000,0x00000007be000000)
 ParOldGen       total 2736128K, used 2735733K [0x00000006c5800000, 0x000000076c800000, 0x000000076c800000)
  object space 2736128K, 99% used [0x00000006c5800000,0x000000076c79d770,0x000000076c800000)
 Metaspace       used 8922K, capacity 9034K, committed 9216K, reserved 1056768K
  class space    used 912K, capacity 967K, committed 1024K, reserved 1048576K
}
Event: 7172.763 GC heap before
{Heap before GC invocations=4842 (full 3852):
 PSYoungGen      total 1334784K, used 1302528K [0x000000076c800000, 0x00000007c0000000, 0x00000007c0000000)
  eden space 1302528K, 100% used [0x000000076c800000,0x00000007bc000000,0x00000007bc000000)
  from space 32256K, 0% used [0x00000007be080000,0x00000007be080000,0x00000007c0000000)
  to   space 32768K, 0% used [0x00000007bc000000,0x00000007bc000000,0x00000007be000000)
 ParOldGen       total 2736128K, used 2735733K [0x00000006c5800000, 0x000000076c800000, 0x000000076c800000)
  object space 2736128K, 99% used [0x00000006c5800000,0x000000076c79d770,0x000000076c800000)
 Metaspace       used 8922K, capacity 9034K, committed 9216K, reserved 1056768K
  class space    used 912K, capacity 967K, committed 1024K, reserved 1048576K
Event: 7174.688 GC heap after
Heap after GC invocations=4842 (full 3852):
 PSYoungGen      total 1334784K, used 1278084K [0x000000076c800000, 0x00000007c0000000, 0x00000007c0000000)
  eden space 1302528K, 98% used [0x000000076c800000,0x00000007ba821208,0x00000007bc000000)
  from space 32256K, 0% used [0x00000007be080000,0x00000007be080000,0x00000007c0000000)
  to   space 32768K, 0% used [0x00000007bc000000,0x00000007bc000000,0x00000007be000000)
 ParOldGen       total 2736128K, used 2735733K [0x00000006c5800000, 0x000000076c800000, 0x000000076c800000)
  object space 2736128K, 99% used [0x00000006c5800000,0x000000076c79d770,0x000000076c800000)
 Metaspace       used 8922K, capacity 9034K, committed 9216K, reserved 1056768K
  class space    used 912K, capacity 967K, committed 1024K, reserved 1048576K
}
Event: 7174.689 GC heap before
{Heap before GC invocations=4843 (full 3853):
 PSYoungGen      total 1334784K, used 1302528K [0x000000076c800000, 0x00000007c0000000, 0x00000007c0000000)
  eden space 1302528K, 100% used [0x000000076c800000,0x00000007bc000000,0x00000007bc000000)
  from space 32256K, 0% used [0x00000007be080000,0x00000007be080000,0x00000007c0000000)
  to   space 32768K, 0% used [0x00000007bc000000,0x00000007bc000000,0x00000007be000000)
 ParOldGen       total 2736128K, used 2735733K [0x00000006c5800000, 0x000000076c800000, 0x000000076c800000)
  object space 2736128K, 99% used [0x00000006c5800000,0x000000076c79d770,0x000000076c800000)
 Metaspace       used 8922K, capacity 9034K, committed 9216K, reserved 1056768K
  class space    used 912K, capacity 967K, committed 1024K, reserved 1048576K
Event: 7176.612 GC heap after
Heap after GC invocations=4843 (full 3853):
 PSYoungGen      total 1334784K, used 1278084K [0x000000076c800000, 0x00000007c0000000, 0x00000007c0000000)
  eden space 1302528K, 98% used [0x000000076c800000,0x00000007ba821218,0x00000007bc000000)
  from space 32256K, 0% used [0x00000007be080000,0x00000007be080000,0x00000007c0000000)
  to   space 32768K, 0% used [0x00000007bc000000,0x00000007bc000000,0x00000007be000000)
 ParOldGen       total 2736128K, used 2735733K [0x00000006c5800000, 0x000000076c800000, 0x000000076c800000)
  object space 2736128K, 99% used [0x00000006c5800000,0x000000076c79d770,0x000000076c800000)
 Metaspace       used 8922K, capacity 9034K, committed 9216K, reserved 1056768K
  class space    used 912K, capacity 967K, committed 1024K, reserved 1048576K
}
Event: 7176.615 GC heap before
{Heap before GC invocations=4844 (full 3854):
 PSYoungGen      total 1334784K, used 1302528K [0x000000076c800000, 0x00000007c0000000, 0x00000007c0000000)
  eden space 1302528K, 100% used [0x000000076c800000,0x00000007bc000000,0x00000007bc000000)
  from space 32256K, 0% used [0x00000007be080000,0x00000007be080000,0x00000007c0000000)
  to   space 32768K, 0% used [0x00000007bc000000,0x00000007bc000000,0x00000007be000000)
 ParOldGen       total 2736128K, used 2735733K [0x00000006c5800000, 0x000000076c800000, 0x000000076c800000)
  object space 2736128K, 99% used [0x00000006c5800000,0x000000076c79d770,0x000000076c800000)
 Metaspace       used 8922K, capacity 9034K, committed 9216K, reserved 1056768K
  class space    used 912K, capacity 967K, committed 1024K, reserved 1048576K
Event: 7178.490 GC heap after
Heap after GC invocations=4844 (full 3854):
 PSYoungGen      total 1334784K, used 1278035K [0x000000076c800000, 0x00000007c0000000, 0x00000007c0000000)
  eden space 1302528K, 98% used [0x000000076c800000,0x00000007ba814ee0,0x00000007bc000000)
  from space 32256K, 0% used [0x00000007be080000,0x00000007be080000,0x00000007c0000000)
  to   space 32768K, 0% used [0x00000007bc000000,0x00000007bc000000,0x00000007be000000)
 ParOldGen       total 2736128K, used 2735733K [0x00000006c5800000, 0x000000076c800000, 0x000000076c800000)
  object space 2736128K, 99% used [0x00000006c5800000,0x000000076c79d770,0x000000076c800000)
 Metaspace       used 8922K, capacity 9034K, committed 9216K, reserved 1056768K
  class space    used 912K, capacity 967K, committed 1024K, reserved 1048576K
}
Event: 7178.490 GC heap before
{Heap before GC invocations=4845 (full 3855):
 PSYoungGen      total 1334784K, used 1302528K [0x000000076c800000, 0x00000007c0000000, 0x00000007c0000000)
  eden space 1302528K, 100% used [0x000000076c800000,0x00000007bc000000,0x00000007bc000000)
  from space 32256K, 0% used [0x00000007be080000,0x00000007be080000,0x00000007c0000000)
  to   space 32768K, 0% used [0x00000007bc000000,0x00000007bc000000,0x00000007be000000)
 ParOldGen       total 2736128K, used 2735733K [0x00000006c5800000, 0x000000076c800000, 0x000000076c800000)
  object space 2736128K, 99% used [0x00000006c5800000,0x000000076c79d770,0x000000076c800000)
 Metaspace       used 8922K, capacity 9034K, committed 9216K, reserved 1056768K
  class space    used 912K, capacity 967K, committed 1024K, reserved 1048576K

