# JRE version: OpenJDK Runtime Environment (8.0_252-b09) (build 1.8.0_252-b09)
# Java VM: OpenJDK 64-Bit Server VM (25.252-b09 mixed mode windows-amd64 compressed oops)
Heap:
 PSYoungGen      total 1307136K, used 1273856K [0x000000076c800000, 0x00000007c0000000, 0x00000007c0000000)
  eden space 1273856K, 100% used [0x000000076c800000,0x00000007ba400000,0x00000007ba400000)
  from space 33280K, 0% used [0x00000007ba400000,0x00000007ba400000,0x00000007bc480000)
  to   space 47616K, 0% used [0x00000007bd180000,0x00000007bd180000,0x00000007c0000000)
 ParOldGen       total 2736128K, used 2735771K [0x00000006c5800000, 0x000000076c800000, 0x000000076c800000)
  object space 2736128K, 99% used [0x00000006c5800000,0x000000076c7a6e40,0x000000076c800000)
 Metaspace       used 8722K, capacity 8916K, committed 9216K, reserved 1056768K
  class space    used 900K, capacity 972K, committed 1024K, reserved 1048576K
GC Heap History (10 events):
Event: 33698.924 GC heap after
Heap after GC invocations=38945 (full 16644):
 PSYoungGen      total 1307136K, used 1261691K [0x000000076c800000, 0x00000007c0000000, 0x00000007c0000000)
  eden space 1273856K, 99% used [0x000000076c800000,0x00000007b981ee40,0x00000007ba400000)
  from space 33280K, 0% used [0x00000007ba400000,0x00000007ba400000,0x00000007bc480000)
  to   space 47616K, 0% used [0x00000007bd180000,0x00000007bd180000,0x00000007c0000000)
 ParOldGen       total 2736128K, used 2735773K [0x00000006c5800000, 0x000000076c800000, 0x000000076c800000)
  object space 2736128K, 99% used [0x00000006c5800000,0x000000076c7a7458,0x000000076c800000)
 Metaspace       used 8733K, capacity 8934K, committed 9216K, reserved 1056768K
  class space    used 902K, capacity 975K, committed 1024K, reserved 1048576K
}
Event: 33698.925 GC heap before
{Heap before GC invocations=38946 (full 16645):
 PSYoungGen      total 1307136K, used 1273856K [0x000000076c800000, 0x00000007c0000000, 0x00000007c0000000)
  eden space 1273856K, 100% used [0x000000076c800000,0x00000007ba400000,0x00000007ba400000)
  from space 33280K, 0% used [0x00000007ba400000,0x00000007ba400000,0x00000007bc480000)
  to   space 47616K, 0% used [0x00000007bd180000,0x00000007bd180000,0x00000007c0000000)
 ParOldGen       total 2736128K, used 2735773K [0x00000006c5800000, 0x000000076c800000, 0x000000076c800000)
  object space 2736128K, 99% used [0x00000006c5800000,0x000000076c7a7458,0x000000076c800000)
 Metaspace       used 8733K, capacity 8934K, committed 9216K, reserved 1056768K
  class space    used 902K, capacity 975K, committed 1024K, reserved 1048576K
Event: 33701.000 GC heap after
Heap after GC invocations=38946 (full 16645):
 PSYoungGen      total 1307136K, used 1261711K [0x000000076c800000, 0x00000007c0000000, 0x00000007c0000000)
  eden space 1273856K, 99% used [0x000000076c800000,0x00000007b9823d78,0x00000007ba400000)
  from space 33280K, 0% used [0x00000007ba400000,0x00000007ba400000,0x00000007bc480000)
  to   space 47616K, 0% used [0x00000007bd180000,0x00000007bd180000,0x00000007c0000000)
 ParOldGen       total 2736128K, used 2735773K [0x00000006c5800000, 0x000000076c800000, 0x000000076c800000)
  object space 2736128K, 99% used [0x00000006c5800000,0x000000076c7a7458,0x000000076c800000)
 Metaspace       used 8722K, capacity 8916K, committed 9216K, reserved 1056768K
  class space    used 900K, capacity 972K, committed 1024K, reserved 1048576K
}
Event: 33701.005 GC heap before
{Heap before GC invocations=38947 (full 16646):
 PSYoungGen      total 1307136K, used 1273856K [0x000000076c800000, 0x00000007c0000000, 0x00000007c0000000)
  eden space 1273856K, 100% used [0x000000076c800000,0x00000007ba400000,0x00000007ba400000)
  from space 33280K, 0% used [0x00000007ba400000,0x00000007ba400000,0x00000007bc480000)
  to   space 47616K, 0% used [0x00000007bd180000,0x00000007bd180000,0x00000007c0000000)
 ParOldGen       total 2736128K, used 2735773K [0x00000006c5800000, 0x000000076c800000, 0x000000076c800000)
  object space 2736128K, 99% used [0x00000006c5800000,0x000000076c7a7458,0x000000076c800000)
 Metaspace       used 8722K, capacity 8916K, committed 9216K, reserved 1056768K
  class space    used 900K, capacity 972K, committed 1024K, reserved 1048576K
Event: 33706.659 GC heap after
Heap after GC invocations=38947 (full 16646):
 PSYoungGen      total 1307136K, used 1261662K [0x000000076c800000, 0x00000007c0000000, 0x00000007c0000000)
  eden space 1273856K, 99% used [0x000000076c800000,0x00000007b98179b8,0x00000007ba400000)
  from space 33280K, 0% used [0x00000007ba400000,0x00000007ba400000,0x00000007bc480000)
  to   space 47616K, 0% used [0x00000007bd180000,0x00000007bd180000,0x00000007c0000000)
 ParOldGen       total 2736128K, used 2735771K [0x00000006c5800000, 0x000000076c800000, 0x000000076c800000)
  object space 2736128K, 99% used [0x00000006c5800000,0x000000076c7a6e40,0x000000076c800000)
 Metaspace       used 8722K, capacity 8916K, committed 9216K, reserved 1056768K
  class space    used 900K, capacity 972K, committed 1024K, reserved 1048576K
}
Event: 33706.659 GC heap before
{Heap before GC invocations=38948 (full 16647):
 PSYoungGen      total 1307136K, used 1273856K [0x000000076c800000, 0x00000007c0000000, 0x00000007c0000000)
  eden space 1273856K, 100% used [0x000000076c800000,0x00000007ba400000,0x00000007ba400000)
  from space 33280K, 0% used [0x00000007ba400000,0x00000007ba400000,0x00000007bc480000)
  to   space 47616K, 0% used [0x00000007bd180000,0x00000007bd180000,0x00000007c0000000)
 ParOldGen       total 2736128K, used 2735771K [0x00000006c5800000, 0x000000076c800000, 0x000000076c800000)
  object space 2736128K, 99% used [0x00000006c5800000,0x000000076c7a6e40,0x000000076c800000)
 Metaspace       used 8722K, capacity 8916K, committed 9216K, reserved 1056768K
  class space    used 900K, capacity 972K, committed 1024K, reserved 1048576K
Event: 33708.720 GC heap after
Heap after GC invocations=38948 (full 16647):
 PSYoungGen      total 1307136K, used 1261662K [0x000000076c800000, 0x00000007c0000000, 0x00000007c0000000)
  eden space 1273856K, 99% used [0x000000076c800000,0x00000007b98179b8,0x00000007ba400000)
  from space 33280K, 0% used [0x00000007ba400000,0x00000007ba400000,0x00000007bc480000)
  to   space 47616K, 0% used [0x00000007bd180000,0x00000007bd180000,0x00000007c0000000)
 ParOldGen       total 2736128K, used 2735771K [0x00000006c5800000, 0x000000076c800000, 0x000000076c800000)
  object space 2736128K, 99% used [0x00000006c5800000,0x000000076c7a6e40,0x000000076c800000)
 Metaspace       used 8722K, capacity 8916K, committed 9216K, reserved 1056768K
  class space    used 900K, capacity 972K, committed 1024K, reserved 1048576K
}
Event: 33708.720 GC heap before
{Heap before GC invocations=38949 (full 16648):
 PSYoungGen      total 1307136K, used 1273856K [0x000000076c800000, 0x00000007c0000000, 0x00000007c0000000)
  eden space 1273856K, 100% used [0x000000076c800000,0x00000007ba400000,0x00000007ba400000)
  from space 33280K, 0% used [0x00000007ba400000,0x00000007ba400000,0x00000007bc480000)
  to   space 47616K, 0% used [0x00000007bd180000,0x00000007bd180000,0x00000007c0000000)
 ParOldGen       total 2736128K, used 2735771K [0x00000006c5800000, 0x000000076c800000, 0x000000076c800000)
  object space 2736128K, 99% used [0x00000006c5800000,0x000000076c7a6e40,0x000000076c800000)
 Metaspace       used 8722K, capacity 8916K, committed 9216K, reserved 1056768K
  class space    used 900K, capacity 972K, committed 1024K, reserved 1048576K
Event: 33710.782 GC heap after
Heap after GC invocations=38949 (full 16648):
 PSYoungGen      total 1307136K, used 1261662K [0x000000076c800000, 0x00000007c0000000, 0x00000007c0000000)
  eden space 1273856K, 99% used [0x000000076c800000,0x00000007b9817bb8,0x00000007ba400000)
  from space 33280K, 0% used [0x00000007ba400000,0x00000007ba400000,0x00000007bc480000)
  to   space 47616K, 0% used [0x00000007bd180000,0x00000007bd180000,0x00000007c0000000)
 ParOldGen       total 2736128K, used 2735771K [0x00000006c5800000, 0x000000076c800000, 0x000000076c800000)
  object space 2736128K, 99% used [0x00000006c5800000,0x000000076c7a6e40,0x000000076c800000)
 Metaspace       used 8722K, capacity 8916K, committed 9216K, reserved 1056768K
  class space    used 900K, capacity 972K, committed 1024K, reserved 1048576K
}
Event: 33710.783 GC heap before
{Heap before GC invocations=38950 (full 16649):
 PSYoungGen      total 1307136K, used 1273856K [0x000000076c800000, 0x00000007c0000000, 0x00000007c0000000)
  eden space 1273856K, 100% used [0x000000076c800000,0x00000007ba400000,0x00000007ba400000)
  from space 33280K, 0% used [0x00000007ba400000,0x00000007ba400000,0x00000007bc480000)
  to   space 47616K, 0% used [0x00000007bd180000,0x00000007bd180000,0x00000007c0000000)
 ParOldGen       total 2736128K, used 2735771K [0x00000006c5800000, 0x000000076c800000, 0x000000076c800000)
  object space 2736128K, 99% used [0x00000006c5800000,0x000000076c7a6e40,0x000000076c800000)
 Metaspace       used 8722K, capacity 8916K, committed 9216K, reserved 1056768K
  class space    used 900K, capacity 972K, committed 1024K, reserved 1048576K

