# JRE version: OpenJDK Runtime Environment (8.0_252-b09) (build 1.8.0_252-b09)
# Java VM: OpenJDK 64-Bit Server VM (25.252-b09 mixed mode windows-amd64 compressed oops)
Heap:
 PSYoungGen      total 1340928K, used 1313792K [0x000000076c800000, 0x00000007c0000000, 0x00000007c0000000)
  eden space 1313792K, 100% used [0x000000076c800000,0x00000007bcb00000,0x00000007bcb00000)
  from space 27136K, 0% used [0x00000007bcb00000,0x00000007bcb00000,0x00000007be580000)
  to   space 27136K, 0% used [0x00000007be580000,0x00000007be580000,0x00000007c0000000)
 ParOldGen       total 2736128K, used 2736000K [0x00000006c5800000, 0x000000076c800000, 0x000000076c800000)
  object space 2736128K, 99% used [0x00000006c5800000,0x000000076c7e0398,0x000000076c800000)
 Metaspace       used 8215K, capacity 8370K, committed 8704K, reserved 1056768K
  class space    used 854K, capacity 935K, committed 1024K, reserved 1048576K
GC Heap History (10 events):
Event: 16548.260 GC heap after
Heap after GC invocations=12967 (full 8471):
 PSYoungGen      total 1340928K, used 1288065K [0x000000076c800000, 0x00000007c0000000, 0x00000007c0000000)
  eden space 1313792K, 98% used [0x000000076c800000,0x00000007bb1e0738,0x00000007bcb00000)
  from space 27136K, 0% used [0x00000007bcb00000,0x00000007bcb00000,0x00000007be580000)
  to   space 27136K, 0% used [0x00000007be580000,0x00000007be580000,0x00000007c0000000)
 ParOldGen       total 2736128K, used 2736000K [0x00000006c5800000, 0x000000076c800000, 0x000000076c800000)
  object space 2736128K, 99% used [0x00000006c5800000,0x000000076c7e0398,0x000000076c800000)
 Metaspace       used 8215K, capacity 8370K, committed 8704K, reserved 1056768K
  class space    used 854K, capacity 935K, committed 1024K, reserved 1048576K
}
Event: 16548.260 GC heap before
{Heap before GC invocations=12968 (full 8472):
 PSYoungGen      total 1340928K, used 1313792K [0x000000076c800000, 0x00000007c0000000, 0x00000007c0000000)
  eden space 1313792K, 100% used [0x000000076c800000,0x00000007bcb00000,0x00000007bcb00000)
  from space 27136K, 0% used [0x00000007bcb00000,0x00000007bcb00000,0x00000007be580000)
  to   space 27136K, 0% used [0x00000007be580000,0x00000007be580000,0x00000007c0000000)
 ParOldGen       total 2736128K, used 2736000K [0x00000006c5800000, 0x000000076c800000, 0x000000076c800000)
  object space 2736128K, 99% used [0x00000006c5800000,0x000000076c7e0398,0x000000076c800000)
 Metaspace       used 8215K, capacity 8370K, committed 8704K, reserved 1056768K
  class space    used 854K, capacity 935K, committed 1024K, reserved 1048576K
Event: 16550.294 GC heap after
Heap after GC invocations=12968 (full 8472):
 PSYoungGen      total 1340928K, used 1288065K [0x000000076c800000, 0x00000007c0000000, 0x00000007c0000000)
  eden space 1313792K, 98% used [0x000000076c800000,0x00000007bb1e0738,0x00000007bcb00000)
  from space 27136K, 0% used [0x00000007bcb00000,0x00000007bcb00000,0x00000007be580000)
  to   space 27136K, 0% used [0x00000007be580000,0x00000007be580000,0x00000007c0000000)
 ParOldGen       total 2736128K, used 2736000K [0x00000006c5800000, 0x000000076c800000, 0x000000076c800000)
  object space 2736128K, 99% used [0x00000006c5800000,0x000000076c7e0398,0x000000076c800000)
 Metaspace       used 8215K, capacity 8370K, committed 8704K, reserved 1056768K
  class space    used 854K, capacity 935K, committed 1024K, reserved 1048576K
}
Event: 16550.295 GC heap before
{Heap before GC invocations=12969 (full 8473):
 PSYoungGen      total 1340928K, used 1313792K [0x000000076c800000, 0x00000007c0000000, 0x00000007c0000000)
  eden space 1313792K, 100% used [0x000000076c800000,0x00000007bcb00000,0x00000007bcb00000)
  from space 27136K, 0% used [0x00000007bcb00000,0x00000007bcb00000,0x00000007be580000)
  to   space 27136K, 0% used [0x00000007be580000,0x00000007be580000,0x00000007c0000000)
 ParOldGen       total 2736128K, used 2736000K [0x00000006c5800000, 0x000000076c800000, 0x000000076c800000)
  object space 2736128K, 99% used [0x00000006c5800000,0x000000076c7e0398,0x000000076c800000)
 Metaspace       used 8215K, capacity 8370K, committed 8704K, reserved 1056768K
  class space    used 854K, capacity 935K, committed 1024K, reserved 1048576K
Event: 16552.336 GC heap after
Heap after GC invocations=12969 (full 8473):
 PSYoungGen      total 1340928K, used 1288065K [0x000000076c800000, 0x00000007c0000000, 0x00000007c0000000)
  eden space 1313792K, 98% used [0x000000076c800000,0x00000007bb1e0738,0x00000007bcb00000)
  from space 27136K, 0% used [0x00000007bcb00000,0x00000007bcb00000,0x00000007be580000)
  to   space 27136K, 0% used [0x00000007be580000,0x00000007be580000,0x00000007c0000000)
 ParOldGen       total 2736128K, used 2736000K [0x00000006c5800000, 0x000000076c800000, 0x000000076c800000)
  object space 2736128K, 99% used [0x00000006c5800000,0x000000076c7e0398,0x000000076c800000)
 Metaspace       used 8215K, capacity 8370K, committed 8704K, reserved 1056768K
  class space    used 854K, capacity 935K, committed 1024K, reserved 1048576K
}
Event: 16552.336 GC heap before
{Heap before GC invocations=12970 (full 8474):
 PSYoungGen      total 1340928K, used 1313792K [0x000000076c800000, 0x00000007c0000000, 0x00000007c0000000)
  eden space 1313792K, 100% used [0x000000076c800000,0x00000007bcb00000,0x00000007bcb00000)
  from space 27136K, 0% used [0x00000007bcb00000,0x00000007bcb00000,0x00000007be580000)
  to   space 27136K, 0% used [0x00000007be580000,0x00000007be580000,0x00000007c0000000)
 ParOldGen       total 2736128K, used 2736000K [0x00000006c5800000, 0x000000076c800000, 0x000000076c800000)
  object space 2736128K, 99% used [0x00000006c5800000,0x000000076c7e0398,0x000000076c800000)
 Metaspace       used 8215K, capacity 8370K, committed 8704K, reserved 1056768K
  class space    used 854K, capacity 935K, committed 1024K, reserved 1048576K
Event: 16554.417 GC heap after
Heap after GC invocations=12970 (full 8474):
 PSYoungGen      total 1340928K, used 1288041K [0x000000076c800000, 0x00000007c0000000, 0x00000007c0000000)
  eden space 1313792K, 98% used [0x000000076c800000,0x00000007bb1da600,0x00000007bcb00000)
  from space 27136K, 0% used [0x00000007bcb00000,0x00000007bcb00000,0x00000007be580000)
  to   space 27136K, 0% used [0x00000007be580000,0x00000007be580000,0x00000007c0000000)
 ParOldGen       total 2736128K, used 2736000K [0x00000006c5800000, 0x000000076c800000, 0x000000076c800000)
  object space 2736128K, 99% used [0x00000006c5800000,0x000000076c7e0398,0x000000076c800000)
 Metaspace       used 8215K, capacity 8370K, committed 8704K, reserved 1056768K
  class space    used 854K, capacity 935K, committed 1024K, reserved 1048576K
}
Event: 16554.417 GC heap before
{Heap before GC invocations=12971 (full 8475):
 PSYoungGen      total 1340928K, used 1313792K [0x000000076c800000, 0x00000007c0000000, 0x00000007c0000000)
  eden space 1313792K, 100% used [0x000000076c800000,0x00000007bcb00000,0x00000007bcb00000)
  from space 27136K, 0% used [0x00000007bcb00000,0x00000007bcb00000,0x00000007be580000)
  to   space 27136K, 0% used [0x00000007be580000,0x00000007be580000,0x00000007c0000000)
 ParOldGen       total 2736128K, used 2736000K [0x00000006c5800000, 0x000000076c800000, 0x000000076c800000)
  object space 2736128K, 99% used [0x00000006c5800000,0x000000076c7e0398,0x000000076c800000)
 Metaspace       used 8215K, capacity 8370K, committed 8704K, reserved 1056768K
  class space    used 854K, capacity 935K, committed 1024K, reserved 1048576K
Event: 16556.489 GC heap after
Heap after GC invocations=12971 (full 8475):
 PSYoungGen      total 1340928K, used 1288041K [0x000000076c800000, 0x00000007c0000000, 0x00000007c0000000)
  eden space 1313792K, 98% used [0x000000076c800000,0x00000007bb1da600,0x00000007bcb00000)
  from space 27136K, 0% used [0x00000007bcb00000,0x00000007bcb00000,0x00000007be580000)
  to   space 27136K, 0% used [0x00000007be580000,0x00000007be580000,0x00000007c0000000)
 ParOldGen       total 2736128K, used 2736000K [0x00000006c5800000, 0x000000076c800000, 0x000000076c800000)
  object space 2736128K, 99% used [0x00000006c5800000,0x000000076c7e0398,0x000000076c800000)
 Metaspace       used 8215K, capacity 8370K, committed 8704K, reserved 1056768K
  class space    used 854K, capacity 935K, committed 1024K, reserved 1048576K
}
Event: 16556.489 GC heap before
{Heap before GC invocations=12972 (full 8476):
 PSYoungGen      total 1340928K, used 1313792K [0x000000076c800000, 0x00000007c0000000, 0x00000007c0000000)
  eden space 1313792K, 100% used [0x000000076c800000,0x00000007bcb00000,0x00000007bcb00000)
  from space 27136K, 0% used [0x00000007bcb00000,0x00000007bcb00000,0x00000007be580000)
  to   space 27136K, 0% used [0x00000007be580000,0x00000007be580000,0x00000007c0000000)
 ParOldGen       total 2736128K, used 2736000K [0x00000006c5800000, 0x000000076c800000, 0x000000076c800000)
  object space 2736128K, 99% used [0x00000006c5800000,0x000000076c7e0398,0x000000076c800000)
 Metaspace       used 8215K, capacity 8370K, committed 8704K, reserved 1056768K
  class space    used 854K, capacity 935K, committed 1024K, reserved 1048576K

